[0m11:57:50.467199 [debug] [MainThread]: Sending event: {'category': 'dbt', 'action': 'invocation', 'label': 'start', 'context': [<snowplow_tracker.self_describing_json.SelfDescribingJson object at 0x0000018B6024B610>, <snowplow_tracker.self_describing_json.SelfDescribingJson object at 0x0000018B601EB590>, <snowplow_tracker.self_describing_json.SelfDescribingJson object at 0x0000018B601EAFD0>]}


============================== 11:57:50.483055 | f4816867-edd2-4211-9ef0-ea74e9c839d6 ==============================
[0m11:57:50.483055 [info ] [MainThread]: Running with dbt=1.11.7
[0m11:57:50.484560 [debug] [MainThread]: running dbt with arguments {'static_parser': 'True', 'no_print': 'None', 'version_check': 'True', 'target_path': 'None', 'warn_error_options': 'WarnErrorOptionsV2(error=[], warn=[], silence=[])', 'printer_width': '80', 'write_json': 'True', 'introspect': 'True', 'log_cache_events': 'False', 'empty': 'None', 'cache_selected_only': 'False', 'fail_fast': 'False', 'debug': 'False', 'log_format': 'default', 'partial_parse': 'True', 'send_anonymous_usage_stats': 'True', 'quiet': 'False', 'warn_error': 'None', 'profiles_dir': 'C:\\Users\\alfre\\.dbt', 'invocation_command': 'dbt init transform', 'use_colors': 'True', 'indirect_selection': 'eager', 'use_experimental_parser': 'False', 'log_path': 'logs'}
[0m11:57:50.727683 [info ] [MainThread]: Creating dbt configuration folder at C:\Users\alfre\.dbt
[0m11:57:50.745748 [debug] [MainThread]: Starter project path: c:\Users\alfre\Proyectos Alfredo\AI Job Market Intelligence Bot\.venv\Lib\site-packages\dbt\include\starter_project
[0m11:57:50.875868 [info ] [MainThread]: 
Your new dbt project "transform" was created!

For more information on how to configure the profiles.yml file,
please consult the dbt documentation here:

  https://docs.getdbt.com/docs/configure-your-profile

One more thing:

Need help? Don't hesitate to reach out to us via GitHub issues or on Slack:

  https://community.getdbt.com/

Happy modeling!

[0m11:57:50.877480 [info ] [MainThread]: Setting up your profile.
[0m11:58:39.874982 [info ] [MainThread]: Profile transform written to C:\Users\alfre\.dbt\profiles.yml using target's profile_template.yml and your supplied values. Run 'dbt debug' to validate the connection.
[0m11:58:39.878002 [debug] [MainThread]: Command `dbt init` succeeded at 11:58:39.876996 after 49.53 seconds
[0m11:58:39.878416 [debug] [MainThread]: Sending event: {'category': 'dbt', 'action': 'invocation', 'label': 'end', 'context': [<snowplow_tracker.self_describing_json.SelfDescribingJson object at 0x0000018B6024B610>, <snowplow_tracker.self_describing_json.SelfDescribingJson object at 0x0000018B5A0E3590>, <snowplow_tracker.self_describing_json.SelfDescribingJson object at 0x0000018B60202990>]}
[0m11:58:39.880431 [debug] [MainThread]: Flushing usage events
[0m11:58:40.946768 [debug] [MainThread]: An error was encountered while trying to flush usage events
